{
  "C:\\dev\\jnp-library\\src\\components\\jnp-button\\jnp-button.tsx": {
    "path": "C:\\dev\\jnp-library\\src\\components\\jnp-button\\jnp-button.tsx",
    "all": false,
    "statementMap": {
      "0": {
        "start": { "line": 1, "column": 0 },
        "end": { "line": 1, "column": 24 }
      },
      "1": {
        "start": { "line": 2, "column": 0 },
        "end": { "line": 2, "column": 45 }
      },
      "10": {
        "start": { "line": 11, "column": 0 },
        "end": { "line": 11, "column": 74 }
      },
      "11": {
        "start": { "line": 12, "column": 0 },
        "end": { "line": 12, "column": 10 }
      },
      "12": {
        "start": { "line": 13, "column": 0 },
        "end": { "line": 13, "column": 11 }
      },
      "13": {
        "start": { "line": 14, "column": 0 },
        "end": { "line": 14, "column": 23 }
      },
      "14": {
        "start": { "line": 15, "column": 0 },
        "end": { "line": 15, "column": 48 }
      },
      "15": {
        "start": { "line": 16, "column": 0 },
        "end": { "line": 16, "column": 52 }
      },
      "16": {
        "start": { "line": 17, "column": 0 },
        "end": { "line": 17, "column": 9 }
      },
      "18": {
        "start": { "line": 19, "column": 0 },
        "end": { "line": 19, "column": 12 }
      },
      "19": {
        "start": { "line": 20, "column": 0 },
        "end": { "line": 20, "column": 13 }
      },
      "21": {
        "start": { "line": 22, "column": 0 },
        "end": { "line": 22, "column": 1 }
      },
      "23": {
        "start": { "line": 24, "column": 0 },
        "end": { "line": 24, "column": 25 }
      }
    },
    "s": {
      "0": 1,
      "1": 1,
      "10": 1,
      "11": 1,
      "12": 1,
      "13": 1,
      "14": 1,
      "15": 1,
      "16": 1,
      "18": 1,
      "19": 1,
      "21": 1,
      "23": 1
    },
    "branchMap": {
      "0": {
        "type": "branch",
        "line": 11,
        "loc": {
          "start": { "line": 11, "column": 7 },
          "end": { "line": 22, "column": 1 }
        },
        "locations": [
          {
            "start": { "line": 11, "column": 7 },
            "end": { "line": 22, "column": 1 }
          }
        ]
      }
    },
    "b": { "0": [1] },
    "fnMap": {
      "0": {
        "name": "JnpButton",
        "decl": {
          "start": { "line": 11, "column": 7 },
          "end": { "line": 22, "column": 1 }
        },
        "loc": {
          "start": { "line": 11, "column": 7 },
          "end": { "line": 22, "column": 1 }
        },
        "line": 11
      }
    },
    "f": { "0": 1 }
  },
  "C:\\dev\\jnp-library\\src\\components\\jnp-input\\jnp-input.tsx": {
    "path": "C:\\dev\\jnp-library\\src\\components\\jnp-input\\jnp-input.tsx",
    "all": false,
    "statementMap": {
      "0": {
        "start": { "line": 1, "column": 0 },
        "end": { "line": 1, "column": 44 }
      },
      "2": {
        "start": { "line": 3, "column": 0 },
        "end": { "line": 3, "column": 28 }
      },
      "3": {
        "start": { "line": 4, "column": 0 },
        "end": { "line": 4, "column": 62 }
      },
      "4": {
        "start": { "line": 5, "column": 0 },
        "end": { "line": 5, "column": 1 }
      },
      "6": {
        "start": { "line": 7, "column": 0 },
        "end": { "line": 7, "column": 24 }
      }
    },
    "s": { "0": 1, "2": 1, "3": 1, "4": 1, "6": 1 },
    "branchMap": {
      "0": {
        "type": "branch",
        "line": 3,
        "loc": {
          "start": { "line": 3, "column": 7 },
          "end": { "line": 5, "column": 1 }
        },
        "locations": [
          {
            "start": { "line": 3, "column": 7 },
            "end": { "line": 5, "column": 1 }
          }
        ]
      }
    },
    "b": { "0": [1] },
    "fnMap": {
      "0": {
        "name": "JnpInput",
        "decl": {
          "start": { "line": 3, "column": 7 },
          "end": { "line": 5, "column": 1 }
        },
        "loc": {
          "start": { "line": 3, "column": 7 },
          "end": { "line": 5, "column": 1 }
        },
        "line": 3
      }
    },
    "f": { "0": 1 }
  }
}
